F:\COCOS2D-X-2.2.2\COCOS2D-X-2.2.2\PROJECTS\SNAKE\PROJ.WIN32\DEBUG.WIN32\APPDELEGATE.OBJ
F:\COCOS2D-X-2.2.2\COCOS2D-X-2.2.2\PROJECTS\SNAKE\PROJ.WIN32\DEBUG.WIN32\HELLOWORLDSCENE.OBJ
F:\COCOS2D-X-2.2.2\COCOS2D-X-2.2.2\PROJECTS\SNAKE\PROJ.WIN32\DEBUG.WIN32\MAIN.OBJ
F:\COCOS2D-X-2.2.2\COCOS2D-X-2.2.2\PROJECTS\SNAKE\PROJ.WIN32\DEBUG.WIN32\VC110.PDB
F:\COCOS2D-X-2.2.2\COCOS2D-X-2.2.2\PROJECTS\SNAKE\PROJ.WIN32\DEBUG.WIN32\SNAKE.ILK
F:\COCOS2D-X-2.2.2\COCOS2D-X-2.2.2\PROJECTS\SNAKE\PROJ.WIN32\DEBUG.WIN32\SNAKE.EXE
F:\COCOS2D-X-2.2.2\COCOS2D-X-2.2.2\PROJECTS\SNAKE\PROJ.WIN32\DEBUG.WIN32\SNAKE.PDB
F:\cocos2d-x-2.2.2\cocos2d-x-2.2.2\projects\snake\proj.win32\Debug.win32\AppDelegate.obj
F:\cocos2d-x-2.2.2\cocos2d-x-2.2.2\projects\snake\proj.win32\Debug.win32\HelloWorldScene.obj
F:\cocos2d-x-2.2.2\cocos2d-x-2.2.2\projects\snake\proj.win32\Debug.win32\main.obj
F:\cocos2d-x-2.2.2\cocos2d-x-2.2.2\projects\snake\proj.win32\Debug.win32\snake.ilk
F:\cocos2d-x-2.2.2\cocos2d-x-2.2.2\projects\snake\proj.win32\Debug.win32\cl.command.1.tlog
F:\cocos2d-x-2.2.2\cocos2d-x-2.2.2\projects\snake\proj.win32\Debug.win32\CL.read.1.tlog
F:\cocos2d-x-2.2.2\cocos2d-x-2.2.2\projects\snake\proj.win32\Debug.win32\CL.write.1.tlog
F:\cocos2d-x-2.2.2\cocos2d-x-2.2.2\projects\snake\proj.win32\Debug.win32\link-cvtres.read.1.tlog
F:\cocos2d-x-2.2.2\cocos2d-x-2.2.2\projects\snake\proj.win32\Debug.win32\link-cvtres.write.1.tlog
F:\cocos2d-x-2.2.2\cocos2d-x-2.2.2\projects\snake\proj.win32\Debug.win32\link-rc.read.1.tlog
F:\cocos2d-x-2.2.2\cocos2d-x-2.2.2\projects\snake\proj.win32\Debug.win32\link-rc.write.1.tlog
F:\cocos2d-x-2.2.2\cocos2d-x-2.2.2\projects\snake\proj.win32\Debug.win32\link.command.1.tlog
F:\cocos2d-x-2.2.2\cocos2d-x-2.2.2\projects\snake\proj.win32\Debug.win32\link.read.1.tlog
F:\cocos2d-x-2.2.2\cocos2d-x-2.2.2\projects\snake\proj.win32\Debug.win32\link.write.1.tlog
F:\cocos2d-x-2.2.2\cocos2d-x-2.2.2\projects\snake\proj.win32\Debug.win32\vc110.idb
F:\cocos2d-x-2.2.2\cocos2d-x-2.2.2\projects\snake\proj.win32\Debug.win32\snake.pdb
F:\cocos2d-x-2.2.2\cocos2d-x-2.2.2\projects\snake\proj.win32\Debug.win32\vc110.pdb
F:\cocos2d-x-2.2.2\cocos2d-x-2.2.2\projects\snake\proj.win32\Debug.win32\snake.exe
